Log file open, 12/06/18 21:53:48
LogWindows: Failed to load 'aqProf.dll' (GetLastError=126)
LogWindows: File 'aqProf.dll' does not exist
LogWindows: Failed to load 'VSPerf140.dll' (GetLastError=126)
LogWindows: File 'VSPerf140.dll' does not exist
LogWindows: Failed to load 'VtuneApi.dll' (GetLastError=126)
LogWindows: File 'VtuneApi.dll' does not exist
LogWindows: Failed to load 'VtuneApi32e.dll' (GetLastError=126)
LogWindows: File 'VtuneApi32e.dll' does not exist
LogInit: Display: Running engine for game: week_9
LogPlatformFile: Not using cached read wrapper
LogInit: Display: RandInit(1983700985) SRandInit(1983700985).
LogInit: Read version file with build ID '3709383'
LogInit: Overriding engine version to CL 3832480, compatible CL 3709383
LogInit: Registered custom module enumerator with build ID '3709383'
LogTaskGraph: Started task graph with 5 named threads and 8 total threads with 3 sets of task threads.
LogStats: Stats thread started at 0.234645
LogD3D11RHI: Aftermath initialized
LogModuleManager: Display: Found up-to-date module file ../../../Engine/Plugins/2D/Paper2D/Binaries/Win64/UE4Editor-Paper2D.dll (API version 3709383).
LogModuleManager: Display: Found up-to-date module file ../../../Engine/Plugins/2D/Paper2D/Binaries/Win64/UE4Editor-Paper2DEditor.dll (API version 3709383).
LogModuleManager: Display: Found up-to-date module file ../../../Engine/Plugins/2D/Paper2D/Binaries/Win64/UE4Editor-PaperSpriteSheetImporter.dll (API version 3709383).
LogModuleManager: Display: Found up-to-date module file ../../../Engine/Plugins/2D/Paper2D/Binaries/Win64/UE4Editor-PaperTiledImporter.dll (API version 3709383).
LogModuleManager: Display: Found up-to-date module file ../../../Engine/Plugins/2D/Paper2D/Binaries/Win64/UE4Editor-SmartSnapping.dll (API version 3709383).
LogModuleManager: Display: Found up-to-date module file ../../../Engine/Plugins/Blendables/LightPropagationVolume/Binaries/Win64/UE4Editor-LightPropagationVolumeRuntime.dll (API version 3709383).
LogModuleManager: Display: Found up-to-date module file ../../../Engine/Plugins/Blendables/LightPropagationVolume/Binaries/Win64/UE4Editor-LightPropagationVolumeEditor.dll (API version 3709383).
LogModuleManager: Display: Found up-to-date module file ../../../Engine/Plugins/Developer/GitSourceControl/Binaries/Win64/UE4Editor-GitSourceControl.dll (API version 3709383).
LogModuleManager: Display: Found up-to-date module file ../../../Engine/Plugins/Developer/PerforceSourceControl/Binaries/Win64/UE4Editor-PerforceSourceControl.dll (API version 3709383).
LogModuleManager: Display: Found up-to-date module file ../../../Engine/Plugins/Developer/SubversionSourceControl/Binaries/Win64/UE4Editor-SubversionSourceControl.dll (API version 3709383).
LogModuleManager: Display: Found up-to-date module file ../../../Engine/Plugins/Developer/UObjectPlugin/Binaries/Win64/UE4Editor-UObjectPlugin.dll (API version 3709383).
LogModuleManager: Display: Found up-to-date module file ../../../Engine/Plugins/Developer/VisualStudioCodeSourceCodeAccess/Binaries/Win64/UE4Editor-VisualStudioCodeSourceCodeAccess.dll (API version 3709383).
LogModuleManager: Display: Found up-to-date module file ../../../Engine/Plugins/Developer/VisualStudioSourceCodeAccess/Binaries/Win64/UE4Editor-VisualStudioSourceCodeAccess.dll (API version 3709383).
LogModuleManager: Display: Found up-to-date module file ../../../Engine/Plugins/Editor/AssetManagerEditor/Binaries/Win64/UE4Editor-AssetManagerEditor.dll (API version 3709383).
LogModuleManager: Display: Found up-to-date module file ../../../Engine/Plugins/Editor/AudioCapture/Binaries/Win64/UE4Editor-AudioCapture.dll (API version 3709383).
LogModuleManager: Display: Found up-to-date module file ../../../Engine/Plugins/Editor/FacialAnimation/Binaries/Win64/UE4Editor-FacialAnimation.dll (API version 3709383).
LogModuleManager: Display: Found up-to-date module file ../../../Engine/Plugins/Editor/FacialAnimation/Binaries/Win64/UE4Editor-FacialAnimationEditor.dll (API version 3709383).
LogModuleManager: Display: Found up-to-date module file ../../../Engine/Plugins/Editor/GameplayTagsEditor/Binaries/Win64/UE4Editor-GameplayTagsEditor.dll (API version 3709383).
LogModuleManager: Display: Found up-to-date module file ../../../Engine/Plugins/Editor/MobileLauncherProfileWizard/Binaries/Win64/UE4Editor-MobileLauncherProfileWizard.dll (API version 3709383).
LogModuleManager: Display: Found up-to-date module file ../../../Engine/Plugins/Editor/PluginBrowser/Binaries/Win64/UE4Editor-PluginBrowser.dll (API version 3709383).
LogModuleManager: Display: Found up-to-date module file ../../../Engine/Plugins/Editor/SpeedTreeImporter/Binaries/Win64/UE4Editor-SpeedTreeImporter.dll (API version 3709383).
LogModuleManager: Display: Found up-to-date module file ../../../Engine/Plugins/Experimental/AlembicImporter/Binaries/Win64/UE4Editor-AlembicImporter.dll (API version 3709383).
LogModuleManager: Display: Found up-to-date module file ../../../Engine/Plugins/Experimental/AlembicImporter/Binaries/Win64/UE4Editor-AlembicLibrary.dll (API version 3709383).
LogModuleManager: Display: Found up-to-date module file ../../../Engine/Plugins/Experimental/CharacterAI/Binaries/Win64/UE4Editor-CharacterAI.dll (API version 3709383).
LogModuleManager: Display: Found up-to-date module file ../../../Engine/Plugins/Experimental/HTML5Networking/Binaries/Win64/UE4Editor-HTML5Networking.dll (API version 3709383).
LogModuleManager: Display: Found up-to-date module file ../../../Engine/Plugins/Media/AndroidMedia/Binaries/Win64/UE4Editor-AndroidMediaEditor.dll (API version 3709383).
LogModuleManager: Display: Found up-to-date module file ../../../Engine/Plugins/Media/AndroidMedia/Binaries/Win64/UE4Editor-AndroidMediaFactory.dll (API version 3709383).
LogModuleManager: Display: Found up-to-date module file ../../../Engine/Plugins/Media/AvfMedia/Binaries/Win64/UE4Editor-AvfMediaEditor.dll (API version 3709383).
LogModuleManager: Display: Found up-to-date module file ../../../Engine/Plugins/Media/AvfMedia/Binaries/Win64/UE4Editor-AvfMediaFactory.dll (API version 3709383).
LogModuleManager: Display: Found up-to-date module file ../../../Engine/Plugins/Media/AvfMedia/Binaries/Win64/UE4Editor-AvfMediaFactory.dll (API version 3709383).
LogModuleManager: Display: Found up-to-date module file ../../../Engine/Plugins/Media/ImgMedia/Binaries/Win64/UE4Editor-ImgMedia.dll (API version 3709383).
LogModuleManager: Display: Found up-to-date module file ../../../Engine/Plugins/Media/ImgMedia/Binaries/Win64/UE4Editor-ImgMediaEditor.dll (API version 3709383).
LogModuleManager: Display: Found up-to-date module file ../../../Engine/Plugins/Media/ImgMedia/Binaries/Win64/UE4Editor-ImgMediaFactory.dll (API version 3709383).
LogModuleManager: Display: Found up-to-date module file ../../../Engine/Plugins/Media/ImgMedia/Binaries/Win64/UE4Editor-ImgMediaFactory.dll (API version 3709383).
LogModuleManager: Display: Found up-to-date module file ../../../Engine/Plugins/Media/ImgMedia/Binaries/Win64/UE4Editor-OpenExrWrapper.dll (API version 3709383).
LogModuleManager: Display: Found up-to-date module file ../../../Engine/Plugins/Media/MediaCompositing/Binaries/Win64/UE4Editor-MediaCompositing.dll (API version 3709383).
LogModuleManager: Display: Found up-to-date module file ../../../Engine/Plugins/Media/MediaCompositing/Binaries/Win64/UE4Editor-MediaCompositingEditor.dll (API version 3709383).
LogModuleManager: Display: Found up-to-date module file ../../../Engine/Plugins/Media/MediaPlayerEditor/Binaries/Win64/UE4Editor-MediaPlayerEditor.dll (API version 3709383).
LogModuleManager: Display: Found up-to-date module file ../../../Engine/Plugins/Media/WmfMedia/Binaries/Win64/UE4Editor-WmfMedia.dll (API version 3709383).
LogModuleManager: Display: Found up-to-date module file ../../../Engine/Plugins/Media/WmfMedia/Binaries/Win64/UE4Editor-WmfMediaEditor.dll (API version 3709383).
LogModuleManager: Display: Found up-to-date module file ../../../Engine/Plugins/Media/WmfMedia/Binaries/Win64/UE4Editor-WmfMediaFactory.dll (API version 3709383).
LogModuleManager: Display: Found up-to-date module file ../../../Engine/Plugins/Media/WmfMedia/Binaries/Win64/UE4Editor-WmfMediaFactory.dll (API version 3709383).
LogModuleManager: Display: Found up-to-date module file ../../../Engine/Plugins/Messaging/TcpMessaging/Binaries/Win64/UE4Editor-TcpMessaging.dll (API version 3709383).
LogModuleManager: Display: Found up-to-date module file ../../../Engine/Plugins/Messaging/UdpMessaging/Binaries/Win64/UE4Editor-UdpMessaging.dll (API version 3709383).
LogModuleManager: Display: Found up-to-date module file ../../../Engine/Plugins/MovieScene/ActorSequence/Binaries/Win64/UE4Editor-ActorSequence.dll (API version 3709383).
LogModuleManager: Display: Found up-to-date module file ../../../Engine/Plugins/MovieScene/LevelSequenceEditor/Binaries/Win64/UE4Editor-LevelSequenceEditor.dll (API version 3709383).
LogModuleManager: Display: Found up-to-date module file ../../../Engine/Plugins/MovieScene/MatineeToLevelSequence/Binaries/Win64/UE4Editor-MatineeToLevelSequence.dll (API version 3709383).
LogModuleManager: Display: Found up-to-date module file ../../../Engine/Plugins/Online/OnlineSubsystem/Binaries/Win64/UE4Editor-OnlineSubsystem.dll (API version 3709383).
LogModuleManager: Display: Found up-to-date module file ../../../Engine/Plugins/Runtime/AndroidPermission/Binaries/Win64/UE4Editor-AndroidPermission.dll (API version 3709383).
LogModuleManager: Display: Found up-to-date module file ../../../Engine/Plugins/Online/OnlineSubsystemNull/Binaries/Win64/UE4Editor-OnlineSubsystemNull.dll (API version 3709383).
LogModuleManager: Display: Found up-to-date module file ../../../Engine/Plugins/Online/OnlineSubsystemUtils/Binaries/Win64/UE4Editor-OnlineSubsystemUtils.dll (API version 3709383).
LogModuleManager: Display: Found up-to-date module file ../../../Engine/Plugins/Online/OnlineSubsystemUtils/Binaries/Win64/UE4Editor-OnlineBlueprintSupport.dll (API version 3709383).
LogModuleManager: Display: Found up-to-date module file ../../../Engine/Plugins/Runtime/AndroidDeviceProfileSelector/Binaries/Win64/UE4Editor-AndroidDeviceProfileSelector.dll (API version 3709383).
LogModuleManager: Display: Found up-to-date module file ../../../Engine/Plugins/Runtime/AppleARKit/Binaries/Win64/UE4Editor-AppleARKit.dll (API version 3709383).
LogModuleManager: Display: Found up-to-date module file ../../../Engine/Plugins/Runtime/ArchVisCharacter/Binaries/Win64/UE4Editor-ArchVisCharacter.dll (API version 3709383).
LogModuleManager: Display: Found up-to-date module file ../../../Engine/Plugins/Runtime/CableComponent/Binaries/Win64/UE4Editor-CableComponent.dll (API version 3709383).
LogModuleManager: Display: Found up-to-date module file ../../../Engine/Plugins/Runtime/CustomMeshComponent/Binaries/Win64/UE4Editor-CustomMeshComponent.dll (API version 3709383).
LogModuleManager: Display: Found up-to-date module file ../../../Engine/Plugins/Runtime/ExampleDeviceProfileSelector/Binaries/Win64/UE4Editor-ExampleDeviceProfileSelector.dll (API version 3709383).
LogModuleManager: Display: Found up-to-date module file ../../../Engine/Plugins/Runtime/ImmediatePhysics/Binaries/Win64/UE4Editor-ImmediatePhysics.dll (API version 3709383).
LogModuleManager: Display: Found up-to-date module file ../../../Engine/Plugins/Runtime/ImmediatePhysics/Binaries/Win64/UE4Editor-ImmediatePhysicsEditor.dll (API version 3709383).
LogModuleManager: Display: Found up-to-date module file ../../../Engine/Plugins/Runtime/LocationServicesBPLibrary/Binaries/Win64/UE4Editor-LocationServicesBPLibrary.dll (API version 3709383).
LogModuleManager: Display: Found up-to-date module file ../../../Engine/Plugins/Runtime/MobilePatchingUtils/Binaries/Win64/UE4Editor-MobilePatchingUtils.dll (API version 3709383).
LogModuleManager: Display: Found up-to-date module file ../../../Engine/Plugins/Runtime/Oculus/OculusVR/Binaries/Win64/UE4Editor-OculusHMD.dll (API version 3709383).
LogModuleManager: Display: Found up-to-date module file ../../../Engine/Plugins/Runtime/Oculus/OculusVR/Binaries/Win64/UE4Editor-OculusInput.dll (API version 3709383).
LogModuleManager: Display: Found up-to-date module file ../../../Engine/Plugins/Runtime/Oculus/OculusVR/Binaries/Win64/UE4Editor-OculusEditor.dll (API version 3709383).
LogModuleManager: Display: Found up-to-date module file ../../../Engine/Plugins/Runtime/PhysXVehicles/Binaries/Win64/UE4Editor-PhysXVehicles.dll (API version 3709383).
LogModuleManager: Display: Found up-to-date module file ../../../Engine/Plugins/Runtime/PhysXVehicles/Binaries/Win64/UE4Editor-PhysXVehiclesEditor.dll (API version 3709383).
LogModuleManager: Display: Found up-to-date module file ../../../Engine/Plugins/Runtime/ProceduralMeshComponent/Binaries/Win64/UE4Editor-ProceduralMeshComponent.dll (API version 3709383).
LogModuleManager: Display: Found up-to-date module file ../../../Engine/Plugins/Runtime/ProceduralMeshComponent/Binaries/Win64/UE4Editor-ProceduralMeshComponentEditor.dll (API version 3709383).
LogModuleManager: Display: Found up-to-date module file ../../../Engine/Plugins/Runtime/RuntimePhysXCooking/Binaries/Win64/UE4Editor-RuntimePhysXCooking.dll (API version 3709383).
LogModuleManager: Display: Found up-to-date module file ../../../Engine/Plugins/Runtime/Steam/SteamVR/Binaries/Win64/UE4Editor-SteamVR.dll (API version 3709383).
LogModuleManager: Display: Found up-to-date module file ../../../Engine/Plugins/Runtime/Steam/SteamVR/Binaries/Win64/UE4Editor-SteamVRController.dll (API version 3709383).
LogModuleManager: Display: Found up-to-date module file ../../../Engine/Plugins/Runtime/WindowsMoviePlayer/Binaries/Win64/UE4Editor-WindowsMoviePlayer.dll (API version 3709383).
LogPluginManager: Mounting plugin Paper2D
LogPluginManager: Mounting plugin LightPropagationVolume
LogPluginManager: Mounting plugin CodeLiteSourceCodeAccess
LogPluginManager: Mounting plugin GitSourceControl
LogPluginManager: Mounting plugin KDevelopSourceCodeAccess
LogPluginManager: Mounting plugin NullSourceCodeAccess
LogPluginManager: Mounting plugin PerforceSourceControl
LogPluginManager: Mounting plugin SubversionSourceControl
LogPluginManager: Mounting plugin UObjectPlugin
LogPluginManager: Mounting plugin VisualStudioCodeSourceCodeAccess
LogPluginManager: Mounting plugin VisualStudioSourceCodeAccess
LogPluginManager: Mounting plugin XCodeSourceCodeAccess
LogPluginManager: Mounting plugin AssetManagerEditor
LogPluginManager: Mounting plugin AudioCapture
LogPluginManager: Mounting plugin FacialAnimation
LogPluginManager: Mounting plugin GameplayTagsEditor
LogPluginManager: Mounting plugin MobileLauncherProfileWizard
LogPluginManager: Mounting plugin PluginBrowser
LogPluginManager: Mounting plugin SpeedTreeImporter
LogPluginManager: Mounting plugin AlembicImporter
LogPluginManager: Mounting plugin CharacterAI
LogPluginManager: Mounting plugin HTML5Networking
LogPluginManager: Mounting plugin AndroidMedia
LogPluginManager: Mounting plugin AvfMedia
LogPluginManager: Mounting plugin ImgMedia
LogPluginManager: Mounting plugin MediaCompositing
LogPluginManager: Mounting plugin MediaPlayerEditor
LogPluginManager: Mounting plugin WmfMedia
LogPluginManager: Mounting plugin TcpMessaging
LogPluginManager: Mounting plugin UdpMessaging
LogPluginManager: Mounting plugin ActorSequence
LogPluginManager: Mounting plugin LevelSequenceEditor
LogPluginManager: Mounting plugin MatineeToLevelSequence
LogPluginManager: Mounting plugin OnlineSubsystemGooglePlay
LogPluginManager: Mounting plugin OnlineSubsystemIOS
LogPluginManager: Mounting plugin OnlineSubsystem
LogPluginManager: Mounting plugin OnlineSubsystemNull
LogPluginManager: Mounting plugin OnlineSubsystemUtils
LogPluginManager: Mounting plugin AndroidDeviceProfileSelector
LogPluginManager: Mounting plugin AndroidMoviePlayer
LogPluginManager: Mounting plugin AndroidPermission
LogPluginManager: Mounting plugin AppleARKit
LogPluginManager: Mounting plugin AppleMoviePlayer
LogPluginManager: Mounting plugin ArchVisCharacter
LogPluginManager: Mounting plugin CableComponent
LogPluginManager: Mounting plugin CustomMeshComponent
LogPluginManager: Mounting plugin ExampleDeviceProfileSelector
LogPluginManager: Mounting plugin GoogleCloudMessaging
LogPluginManager: Mounting plugin ImmediatePhysics
LogPluginManager: Mounting plugin IOSDeviceProfileSelector
LogPluginManager: Mounting plugin LinuxDeviceProfileSelector
LogPluginManager: Mounting plugin LocationServicesBPLibrary
LogPluginManager: Mounting plugin MobilePatchingUtils
LogPluginManager: Mounting plugin OculusVR
LogPluginManager: Plugin shader directory ../../../Engine/Plugins/Runtime/Oculus/OculusVR/Shaders found
LogPluginManager: Mapping shader source directory ../../../Engine/Plugins/Runtime/Oculus/OculusVR/Shaders to virtual directory /Plugin/OculusVR
LogPluginManager: Mounting plugin PhysXVehicles
LogPluginManager: Mounting plugin ProceduralMeshComponent
LogPluginManager: Mounting plugin RuntimePhysXCooking
LogPluginManager: Mounting plugin SteamVR
LogPluginManager: Mounting plugin WindowsMoviePlayer
LogInit: Using libcurl 7.47.1
LogInit:  - built for x86_64-pc-win32
LogInit:  - supports SSL with OpenSSL/1.0.2g
LogInit:  - supports HTTP deflate (compression) using libz 1.2.8
LogInit:  - other features:
LogInit:      CURL_VERSION_SSL
LogInit:      CURL_VERSION_LIBZ
LogInit:      CURL_VERSION_IPV6
LogInit:      CURL_VERSION_ASYNCHDNS
LogInit:      CURL_VERSION_LARGEFILE
LogInit:      CURL_VERSION_IDN
LogInit:  CurlRequestOptions (configurable via config and command line):
LogInit:  - bVerifyPeer = false  - Libcurl will NOT verify peer certificate
LogInit:  - bUseHttpProxy = false  - Libcurl will NOT use HTTP proxy
LogInit:  - bDontReuseConnections = false  - Libcurl will reuse connections
LogInit:  - CertBundlePath = nullptr  - Libcurl will use whatever was configured at build time.
LogInit: Build: ++UE4+Release-4.18-CL-3832480
LogInit: Engine Version: 4.18.3-3832480+++UE4+Release-4.18
LogInit: Compatible Engine Version: 4.18.0-3709383+++UE4+Release-4.18
LogInit: Net CL: 3709383
LogDevObjectVersion: Number of dev versions registered: 16
LogDevObjectVersion:   Dev-Blueprints (B0D832E4-1F89-4F0D-ACCF-7EB736FD4AA2): 10
LogDevObjectVersion:   Dev-Build (E1C64328-A22C-4D53-A36C-8E866417BD8C): 0
LogDevObjectVersion:   Dev-Core (375EC13C-06E4-48FB-B500-84F0262A717E): 2
LogDevObjectVersion:   Dev-Editor (E4B068ED-F494-42E9-A231-DA0B2E46BB41): 20
LogDevObjectVersion:   Dev-Framework (CFFC743F-43B0-4480-9391-14DF171D2073): 30
LogDevObjectVersion:   Dev-Mobile (B02B49B5-BB20-44E9-A304-32B752E40360): 0
LogDevObjectVersion:   Dev-Networking (A4E4105C-59A1-49B5-A7C5-40C4547EDFEE): 0
LogDevObjectVersion:   Dev-Online (39C831C9-5AE6-47DC-9A44-9C173E1C8E7C): 0
LogDevObjectVersion:   Dev-Physics (78F01B33-EBEA-4F98-B9B4-84EACCB95AA2): 0
LogDevObjectVersion:   Dev-Platform (6631380F-2D4D-43E0-8009-CF276956A95A): 0
LogDevObjectVersion:   Dev-Rendering (12F88B9F-8875-4AFC-A67C-D90C383ABD29): 20
LogDevObjectVersion:   Dev-Sequencer (7B5AE74C-D270-4C10-A958-57980B212A5A): 4
LogDevObjectVersion:   Dev-VR (D7296918-1DD6-4BDD-9DE2-64A83CC13884): 0
LogDevObjectVersion:   Dev-LoadTimes (C2A15278-BFE7-4AFE-6C17-90FF531DF755): 1
LogDevObjectVersion:   Private-Geometry (6EACA3D4-40EC-4CC1-B786-8BED09428FC5): 1
LogDevObjectVersion:   Dev-AnimPhys (29E575DD-E0A3-4627-9D10-D276232CDCEA): 12
LogInit: Compiled (64-bit): Jan 12 2018 02:04:55
LogInit: Compiled with Visual C++: 19.00.24215.01
LogInit: Build Configuration: Development
LogInit: Branch Name: ++UE4+Release-4.18
LogInit: Command line: -EpicPortal  -epicusername="ksuber14" -epicuserid=47545c2e30d646d3a8d532d986037bc3 -epiclocale=en-US
LogInit: Base directory: C:/Program Files/Epic Games/UE_4.18/Engine/Binaries/Win64/
LogInit: Installed Engine Build: 1
LogInit: Presizing for max 8388607 objects, including 0 objects not considered by GC, pre-allocating 0 bytes for permanent pool.
LogInit: Object subsystem initialized
[2018.12.07-02.53.54:891][  0]LogInit: Selected Device Profile: [Windows]
[2018.12.07-02.53.54:892][  0]LogInit: Applying CVar settings loaded from the selected device profile: [Windows]
[2018.12.07-02.53.54:947][  0]LogInit: Computer: LAPTOP-GEG23UK1
[2018.12.07-02.53.54:947][  0]LogInit: User: katsa
[2018.12.07-02.53.54:947][  0]LogInit: CPU Page size=4096, Cores=2
[2018.12.07-02.53.54:947][  0]LogInit: High frequency timer resolution =1.754519 MHz
[2018.12.07-02.53.54:948][  0]LogMemory: Memory total: Physical=7.4GB (8GB approx)
[2018.12.07-02.53.54:948][  0]LogMemory: Platform Memory Stats for Windows
[2018.12.07-02.53.54:948][  0]LogMemory: Process Physical Memory: 271.56 MB used, 271.56 MB peak
[2018.12.07-02.53.54:948][  0]LogMemory: Process Virtual Memory: 269.75 MB used, 269.75 MB peak
[2018.12.07-02.53.54:948][  0]LogMemory: Physical Memory: 3887.72 MB used,  3740.51 MB free, 7628.23 MB total
[2018.12.07-02.53.54:948][  0]LogMemory: Virtual Memory: 4775.70 MB used,  3740.51 MB free, 134217728.00 MB total
[2018.12.07-02.53.56:588][  0]LogInit: Using OS detected language (en-US).
[2018.12.07-02.53.56:588][  0]LogInit: Using OS detected locale (en-US).
[2018.12.07-02.53.56:611][  0]LogTextLocalizationManager: No specific localization for 'en-US' exists, so the 'en' localization will be used.
[2018.12.07-02.53.57:989][  0]LogInit: Setting process to per monitor DPI aware
[2018.12.07-02.54.00:078][  0]LogD3D11RHI: D3D11 adapters:
[2018.12.07-02.54.00:138][  0]LogD3D11RHI:    0. 'AMD Radeon(TM) R6 Graphics' (Feature Level 11_0)
[2018.12.07-02.54.00:138][  0]LogD3D11RHI:       492/0/3814 MB DedicatedVideo/DedicatedSystem/SharedSystem, Outputs:1, VendorId:0x1002
[2018.12.07-02.54.00:150][  0]LogD3D11RHI:    1. 'Microsoft Basic Render Driver' (Feature Level 11_0)
[2018.12.07-02.54.00:150][  0]LogD3D11RHI:       0/0/3814 MB DedicatedVideo/DedicatedSystem/SharedSystem, Outputs:0, VendorId:0x1414
[2018.12.07-02.54.00:150][  0]LogD3D11RHI: Chosen D3D11 Adapter: 0
[2018.12.07-02.54.00:189][  0]LogD3D11RHI: Creating new Direct3DDevice
[2018.12.07-02.54.00:189][  0]LogD3D11RHI:     GPU DeviceId: 0x9874 (for the marketing name, search the web for "GPU Device Id")
[2018.12.07-02.54.00:190][  0]LogWindows: EnumDisplayDevices:
[2018.12.07-02.54.00:191][  0]LogWindows:    0. 'AMD Radeon(TM) R6 Graphics' (P:1 D:1)
[2018.12.07-02.54.00:192][  0]LogWindows:    1. 'AMD Radeon(TM) R6 Graphics' (P:0 D:0)
[2018.12.07-02.54.00:192][  0]LogWindows:    2. 'AMD Radeon(TM) R6 Graphics' (P:0 D:0)
[2018.12.07-02.54.00:193][  0]LogWindows: DebugString: GetVideoDriverDetailsInvalid PrimaryIsNotTheChoosenAdapter GetVideoDriverDetailsInvalid PrimaryIsNotTheChoosenAdapter GetVideoDriverDetailsInvalid PrimaryIsNotTheChoosenAdapter FoundDriverCount:0 
[2018.12.07-02.54.00:193][  0]LogD3D11RHI:     Adapter Name: AMD Radeon(TM) R6 Graphics
[2018.12.07-02.54.00:193][  0]LogD3D11RHI:   Driver Version: Unknown (internal:Unknown, unified:Unknown)
[2018.12.07-02.54.00:193][  0]LogD3D11RHI:      Driver Date: Unknown
[2018.12.07-02.54.00:193][  0]LogRHI: Texture pool is 344 MB (70% of 492 MB)
[2018.12.07-02.54.00:357][  0]LogD3D11RHI: Async texture creation enabled
[2018.12.07-02.54.00:397][  0]LogD3D11RHI: GPU Timing Frequency: 100.000000 (Debug: 2 1)
[2018.12.07-02.54.00:420][  0]LogShaderCompilers: Guid format shader working directory is -34 characters bigger than the processId version (../../../../../../Users/katsa/OneDrive/Documents/GitHub/mixamo_character/week_9/Intermediate/Shaders/WorkingDirectory/12092/).
[2018.12.07-02.54.00:421][  0]LogShaderCompilers: Cleaned the shader compiler working directory 'C:/Users/katsa/AppData/Local/Temp/UnrealShaderWorkingDir/426334FB4568301C2DDFF78C20F34F27/'.
[2018.12.07-02.54.00:422][  0]LogShaderCompilers: Display: Using Local Shader Compiler.
[2018.12.07-02.54.06:731][  0]LogTemp: Display: Loaded TP AllDesktopTargetPlatform
[2018.12.07-02.54.07:265][  0]LogTemp: Display: Loaded TP MacClientTargetPlatform
[2018.12.07-02.54.08:006][  0]LogTemp: Display: Loaded TP MacNoEditorTargetPlatform
[2018.12.07-02.54.08:513][  0]LogTemp: Display: Loaded TP MacServerTargetPlatform
[2018.12.07-02.54.09:068][  0]LogTemp: Display: Loaded TP MacTargetPlatform
[2018.12.07-02.54.09:594][  0]LogTemp: Display: Loaded TP WindowsClientTargetPlatform
[2018.12.07-02.54.10:207][  0]LogTemp: Display: Loaded TP WindowsNoEditorTargetPlatform
[2018.12.07-02.54.10:810][  0]LogTemp: Display: Loaded TP WindowsServerTargetPlatform
[2018.12.07-02.54.11:078][  0]LogTemp: Display: Loaded TP WindowsTargetPlatform
[2018.12.07-02.54.11:301][  0]LogTemp: Display: Loaded TP Android_ASTCTargetPlatform
[2018.12.07-02.54.11:538][  0]LogTemp: Display: Loaded TP Android_ATCTargetPlatform
[2018.12.07-02.54.11:777][  0]LogTemp: Display: Loaded TP Android_DXTTargetPlatform
[2018.12.07-02.54.11:990][  0]LogTemp: Display: Loaded TP Android_ETC1TargetPlatform
[2018.12.07-02.54.12:225][  0]LogTemp: Display: Loaded TP Android_ETC2TargetPlatform
[2018.12.07-02.54.12:738][  0]LogTemp: Display: Loaded TP Android_MultiTargetPlatform
[2018.12.07-02.54.12:738][  0]LogTemp: Display: Loaded TP Android_PVRTCTargetPlatform
[2018.12.07-02.54.12:977][  0]LogTemp: Display: Loaded TP AndroidTargetPlatform
[2018.12.07-02.54.13:193][  0]LogTemp: Display: Loaded TP HTML5TargetPlatform
[2018.12.07-02.54.13:559][  0]LogTemp: Display: Loaded TP IOSTargetPlatform
[2018.12.07-02.54.13:679][  0]LogTemp: Display: Loaded TP TVOSTargetPlatform
[2018.12.07-02.54.13:933][  0]LogTemp: Display: Loaded TP LinuxClientTargetPlatform
[2018.12.07-02.54.14:173][  0]LogTemp: Display: Loaded TP LinuxNoEditorTargetPlatform
[2018.12.07-02.54.14:423][  0]LogTemp: Display: Loaded TP LinuxServerTargetPlatform
[2018.12.07-02.54.14:679][  0]LogTemp: Display: Loaded TP LinuxTargetPlatform
[2018.12.07-02.54.14:679][  0]LogTargetPlatformManager: Display: Building Assets For Windows
[2018.12.07-02.54.19:453][  0]LogDerivedDataCache: Display: Max Cache Size: 512 MB
[2018.12.07-02.54.19:872][  0]LogDerivedDataCache: Loaded boot cache 0.42s 78MB C:/Users/katsa/AppData/Local/UnrealEngine/4.18/DerivedDataCache/Boot.ddc.
[2018.12.07-02.54.19:873][  0]LogDerivedDataCache: Display: Loaded Boot cache: C:/Users/katsa/AppData/Local/UnrealEngine/4.18/DerivedDataCache/Boot.ddc
[2018.12.07-02.54.19:874][  0]LogDerivedDataCache: FDerivedDataBackendGraph:  Pak pak cache file ../../../../../../Users/katsa/OneDrive/Documents/GitHub/mixamo_character/week_9/DerivedDataCache/DDC.ddp not found, will not use a pak cache.
[2018.12.07-02.54.19:874][  0]LogDerivedDataCache: Unable to find inner node Pak for hierarchical cache Hierarchy.
[2018.12.07-02.54.19:874][  0]LogDerivedDataCache: FDerivedDataBackendGraph:  CompressedPak pak cache file ../../../../../../Users/katsa/OneDrive/Documents/GitHub/mixamo_character/week_9/DerivedDataCache/Compressed.ddp not found, will not use a pak cache.
[2018.12.07-02.54.19:874][  0]LogDerivedDataCache: Unable to find inner node CompressedPak for hierarchical cache Hierarchy.
[2018.12.07-02.54.19:926][  0]LogDerivedDataCache: Display: Pak cache opened for reading ../../../Engine/DerivedDataCache/Compressed.ddp.
[2018.12.07-02.54.19:947][  0]LogDerivedDataCache: Using Local data cache path C:/Users/katsa/AppData/Local/UnrealEngine/Common/DerivedDataCache: Writable
[2018.12.07-02.54.19:990][  0]LogMaterial: Verifying Global Shaders for PCD3D_SM5
[2018.12.07-02.54.19:991][  0]LogSlate: Using Freetype 2.6.0
[2018.12.07-02.54.19:995][  0]LogSlate: SlateFontCache - WITH_FREETYPE: 1, WITH_HARFBUZZ: 1
[2018.12.07-02.54.19:995][  0]LogSlate: SlateFontCache - WITH_FREETYPE: 1, WITH_HARFBUZZ: 1
[2018.12.07-02.54.22:699][  0]LogInit: Selected Device Profile: [Windows]
[2018.12.07-02.54.26:584][  0]LogSimplygon: Simplygon DLL not present - disabling.
[2018.12.07-02.54.27:215][  0]LogMeshReduction: Using SimplygonSwarm for distributed automatic mesh merging
[2018.12.07-02.54.27:215][  0]LogMeshReduction: Using QuadricMeshReduction for automatic static mesh reduction
[2018.12.07-02.54.27:215][  0]LogMeshReduction: No automatic skeletal mesh reduction module available
[2018.12.07-02.54.27:215][  0]LogMeshReduction: No automatic mesh merging module available
[2018.12.07-02.54.27:216][  0]LogMeshMerging: No automatic mesh merging module available
[2018.12.07-02.54.27:423][  0]LogNetVersion: week_9 , NetCL: 3709383, EngineNetVer: 2, GameNetVer: 0 (Checksum: 2644753381)
[2018.12.07-02.54.28:695][  0]LogAssetRegistry: FAssetRegistry took 0.0736 seconds to start up
[2018.12.07-02.54.32:987][  0]LogPackageLocalizationCache: Processed 7 localized package path(s) for 2 prioritized culture(s) in 0.503602 seconds
[2018.12.07-02.54.33:026][  0]LogUObjectArray: 35870 objects as part of root set at end of initial load.
[2018.12.07-02.54.33:026][  0]LogUObjectAllocator: 7363704 out of 0 bytes used by permanent object pool.
[2018.12.07-02.54.33:026][  0]LogUObjectArray: CloseDisregardForGC: 0/0 objects in disregard for GC pool
[2018.12.07-02.54.33:978][  0]LogInit: WinSock: version 1.1 (2.2), MaxSocks=32767, MaxUdp=65467
[2018.12.07-02.55.08:422][  0]LogTcpMessaging: Initializing TcpMessaging bridge
[2018.12.07-02.55.08:877][  0]LogUdpMessaging: Initializing bridge on interface 0.0.0.0:0 to multicast group 230.0.0.1:6666.
[2018.12.07-02.55.18:801][  0]LogMaterial: Uniform references updated for custom material expression Custom.
[2018.12.07-02.55.25:268][  0]SourceControl: Source control is disabled
[2018.12.07-02.55.25:268][  0]SourceControl: Source control is disabled
[2018.12.07-02.55.25:986][  0]SourceControl: Source control is disabled
[2018.12.07-02.55.26:677][  0]SourceControl: Source control is disabled
[2018.12.07-02.55.36:637][  0]LogAndroidPermission: UAndroidPermissionCallbackProxy::GetInstance
[2018.12.07-02.55.39:956][  0]LogOcInput: OculusInput pre-init called
[2018.12.07-02.55.43:134][  0]LogEngine: Initializing Engine...
[2018.12.07-02.55.43:146][  0]LogHMD: Failed to initialize OpenVR with code 110
[2018.12.07-02.55.44:194][  0]LogStats: UGameplayTagsManager::ConstructGameplayTagTree: Construct from data asset -  0.000 s
[2018.12.07-02.55.44:194][  0]LogStats: UGameplayTagsManager::ConstructGameplayTagTree: GameplayTagTreeChangedEvent.Broadcast -  0.000 s
[2018.12.07-02.55.45:703][  0]LogAIModule: Creating AISystem for world Untitled
[2018.12.07-02.55.45:741][  0]LogInit: XAudio2 using 'Speakers (Realtek High Definition Audio)' : 2 channels at 48 kHz using 32 bits per sample (channel mask 0x3)
[2018.12.07-02.55.46:247][  0]LogInit: FAudioDevice initialized.
[2018.12.07-02.55.46:674][  0]LogDerivedDataCache: Saved boot cache 0.43s 78MB C:/Users/katsa/AppData/Local/UnrealEngine/4.18/DerivedDataCache/Boot.ddc.
[2018.12.07-02.55.46:780][  0]LogInit: Texture streaming: Enabled
[2018.12.07-02.55.48:210][  0]LogEngineSessionManager: EngineSessionManager initialized
[2018.12.07-02.55.49:936][  0]LogInit: Transaction tracking system initialized
[2018.12.07-02.55.54:310][  0]BlueprintLog: New page: Editor Load
[2018.12.07-02.56.06:743][  0]LocalizationService: Localization service is disabled
[2018.12.07-02.56.17:904][  0]LogConsoleResponse: Display: 
[2018.12.07-02.56.19:115][  0]LogCook: Display: Max memory allowance for cook 16384mb min free memory 0mb
[2018.12.07-02.56.19:116][  0]LogCook: Display: Mobile HDR setting 1
[2018.12.07-02.56.19:116][  0]LogGameplayTags: Display: UGameplayTagsManager::DoneAddingNativeTags. DelegateIsBound: 0
[2018.12.07-02.56.21:411][  0]LogFileCache: Scanning file cache for directory 'C:/Users/katsa/OneDrive/Documents/GitHub/mixamo_character/week_9/Content/' took 0.02s
[2018.12.07-02.56.37:681][  0]SourceControl: Source control is disabled
[2018.12.07-02.56.37:682][  0]Cmd: MAP LOAD FILE="../../../../../../Users/katsa/OneDrive/Documents/GitHub/mixamo_character/week_9/Content/ThirdPersonBP/Maps/ThirdPersonExampleMap.umap" TEMPLATE=0 SHOWPROGRESS=1 FEATURELEVEL=3
[2018.12.07-02.56.37:686][  0]LightingResults: New page: Lighting Build
[2018.12.07-02.56.38:383][  0]MapCheck: New page: Map Check
[2018.12.07-02.56.38:384][  0]LightingResults: New page: Lighting Build
[2018.12.07-02.56.41:191][  0]LogAIModule: Creating AISystem for world ThirdPersonExampleMap
[2018.12.07-02.56.41:250][  0]LogEditorServer: Finished looking for orphan Actors (0.000 secs)
[2018.12.07-02.56.41:480][  0]Cmd: MAP CHECKDEP NOCLEARLOG
[2018.12.07-02.56.42:260][  0]MapCheck: Map check complete: 0 Error(s), 0 Warning(s), took 779.696ms to complete.
[2018.12.07-02.56.42:262][  0]LogFileHelpers: Loading map 'ThirdPersonExampleMap' took 4.581
[2018.12.07-02.56.42:976][  0]LogCollectionManager: Loaded 0 collections in 0.006758 seconds
[2018.12.07-02.56.43:690][  0]LogFileCache: Scanning file cache for directory 'C:/Users/katsa/OneDrive/Documents/GitHub/mixamo_character/week_9/Saved/Collections/' took 0.02s
[2018.12.07-02.56.43:690][  0]LogFileCache: Scanning file cache for directory 'C:/Users/katsa/OneDrive/Documents/GitHub/mixamo_character/week_9/Content/Developers/katsa/Collections/' took 0.02s
[2018.12.07-02.56.43:690][  0]LogFileCache: Scanning file cache for directory 'C:/Users/katsa/OneDrive/Documents/GitHub/mixamo_character/week_9/Content/Collections/' took 0.01s
[2018.12.07-02.56.43:690][  0]LogCollectionManager: Rebuilt the GUID cache for 0 collections in 0.000001 seconds
[2018.12.07-02.56.43:739][  0]LogContentBrowser: Native class hierarchy populated in 0.0479 seconds. Added 2363 classes and 519 folders.
[2018.12.07-02.56.44:725][  0]LogContentBrowser: Native class hierarchy updated for 'WidgetCarousel' in 0.0010 seconds. Added 0 classes and 0 folders.
[2018.12.07-02.56.45:154][  0]LogContentBrowser: Native class hierarchy updated for 'AddContentDialog' in 0.0012 seconds. Added 0 classes and 0 folders.
[2018.12.07-02.56.45:790][  0]LogContentBrowser: Native class hierarchy updated for 'SceneOutliner' in 0.0015 seconds. Added 1 classes and 2 folders.
[2018.12.07-02.56.45:880][  0]LogSlate: Took 0.000825 seconds to synchronously load lazily loaded font '../../../Engine/Content/Slate/Fonts/Roboto-Regular.ttf' (155K)
[2018.12.07-02.56.45:886][  0]LogSlate: Took 0.000856 seconds to synchronously load lazily loaded font '../../../Engine/Content/Slate/Fonts/Roboto-Bold.ttf' (160K)
[2018.12.07-02.56.45:913][  0]LogSlate: Took 0.001159 seconds to synchronously load lazily loaded font '../../../Engine/Content/Editor/Slate/Fonts/FontAwesome.ttf' (139K)
[2018.12.07-02.56.46:401][  0]LogRenderer: Reallocating scene render targets to support 1008x504 Format 9 NumSamples 1 (Frame:1).
[2018.12.07-02.56.48:934][  0]LogContentBrowser: Native class hierarchy updated for 'HierarchicalLODOutliner' in 0.0010 seconds. Added 1 classes and 2 folders.
[2018.12.07-02.56.48:934][  0]LogLoad: (Engine Initialization) Total time: 183.00 seconds
[2018.12.07-02.56.48:934][  0]LogLoad: (Engine Initialization) Total Blueprint compile time: 0.00 seconds
[2018.12.07-02.56.48:935][  0]LogExternalProfiler: No external profilers were discovered.  External profiling features will not be available.
[2018.12.07-02.56.49:334][  0]LogContentStreaming: Texture pool size now 600 MB
[2018.12.07-02.56.49:483][  0]LogSlate: Took 0.001496 seconds to synchronously load lazily loaded font '../../../Engine/Content/Slate/Fonts/Roboto-Light.ttf' (159K)
[2018.12.07-02.56.51:552][  6]LogAssetRegistry: Asset discovery search completed in 142.8955 seconds
[2018.12.07-02.56.51:562][  6]LogCollectionManager: Rebuilt the object cache for 0 collections in 0.000001 seconds (found 0 objects)
[2018.12.07-02.56.51:563][  6]LogCollectionManager: Fixed up redirectors for 0 collections in 0.000217 seconds (updated 0 objects)
